\BOOKMARK [0][-]{chapter.1}{\376\377\0001\000\040\000D\000T\000G\000\040\000\050\000D\000T\000N\000\040\000T\000e\000s\000t\000b\000e\000d\000\040\000G\000U\000I\000\051}{}% 1
\BOOKMARK [1][-]{section.1.1}{\376\377\0001\000.\0001\000\040\000M\000a\000i\000n\000\040\000F\000e\000a\000t\000u\000r\000e\000s}{chapter.1}% 2
\BOOKMARK [1][-]{section.1.2}{\376\377\0001\000.\0002\000\040\000F\000i\000l\000e\000\040\000S\000t\000r\000u\000c\000t\000u\000r\000e}{chapter.1}% 3
\BOOKMARK [1][-]{section.1.3}{\376\377\0001\000.\0003\000\040\000D\000T\000G\000\040\000-\000\040\000S\000e\000t\000u\000p\000\040\000G\000u\000i\000d\000e}{chapter.1}% 4
\BOOKMARK [2][-]{subsection.1.3.1}{\376\377\0001\000.\0003\000.\0001\000\040\000S\000y\000s\000t\000e\000m\000\040\000R\000e\000q\000u\000i\000r\000e\000m\000e\000n\000t\000s}{section.1.3}% 5
\BOOKMARK [3][-]{subsubsection.1.3.1.1}{\376\377\0001\000.\0003\000.\0001\000.\0001\000\040\0001\000.\000\040\000D\000o\000c\000k\000e\000r}{subsection.1.3.1}% 6
\BOOKMARK [3][-]{subsubsection.1.3.1.2}{\376\377\0001\000.\0003\000.\0001\000.\0002\000\040\0002\000.\000\040\000P\000y\000t\000h\000o\000n}{subsection.1.3.1}% 7
\BOOKMARK [3][-]{subsubsection.1.3.1.3}{\376\377\0001\000.\0003\000.\0001\000.\0003\000\040\0003\000.\000\040\000P\000y\000t\000h\000o\000n\000\040\000L\000i\000b\000r\000a\000r\000i\000e\000s}{subsection.1.3.1}% 8
\BOOKMARK [2][-]{subsection.1.3.2}{\376\377\0001\000.\0003\000.\0002\000\040\000I\000n\000s\000t\000a\000l\000l\000\040\000D\000o\000c\000k\000e\000r\000\040\000a\000n\000d\000\040\000D\000o\000c\000k\000e\000r\000\040\000C\000o\000m\000p\000o\000s\000e}{section.1.3}% 9
\BOOKMARK [1][-]{section.1.4}{\376\377\0001\000.\0004\000\040\000G\000U\000I\000\040\000i\000n\000s\000t\000a\000l\000l\000a\000t\000i\000o\000n}{chapter.1}% 10
\BOOKMARK [2][-]{subsection.1.4.1}{\376\377\0001\000.\0004\000.\0001\000\040\000L\000i\000n\000u\000x\000\040\000i\000n\000s\000t\000a\000l\000l\000a\000t\000i\000o\000n\000\040\000\050\000D\000e\000b\000i\000a\000n\000/\000U\000b\000u\000n\000t\000u\000-\000b\000a\000s\000e\000d\000\051}{section.1.4}% 11
\BOOKMARK [3][-]{subsubsection.1.4.1.1}{\376\377\0001\000.\0004\000.\0001\000.\0001\000\040\000S\000t\000e\000p\000\040\0001\000:\000\040\000I\000n\000s\000t\000a\000l\000l\000\040\000P\000y\000t\000h\000o\000n\000,\000\040\000t\000k\000i\000n\000t\000e\000r\000,\000\040\000a\000n\000d\000\040\000p\000i\000p}{subsection.1.4.1}% 12
\BOOKMARK [3][-]{subsubsection.1.4.1.2}{\376\377\0001\000.\0004\000.\0001\000.\0002\000\040\000S\000t\000e\000p\000\040\0002\000:\000\040\000I\000n\000s\000t\000a\000l\000l\000\040\000r\000e\000q\000u\000i\000r\000e\000d\000\040\000l\000i\000b\000r\000a\000r\000i\000e\000s}{subsection.1.4.1}% 13
\BOOKMARK [3][-]{subsubsection.1.4.1.3}{\376\377\0001\000.\0004\000.\0001\000.\0003\000\040\000S\000t\000e\000p\000\040\0003\000:\000\040\000G\000i\000v\000e\000\040\000t\000h\000e\000\040\000u\000s\000e\000r\000\040\000t\000h\000e\000\040\000p\000e\000r\000m\000i\000s\000s\000i\000o\000n\000\040\000n\000e\000e\000d\000e\000d\000\040\000f\000o\000r\000\040\000D\000o\000c\000k\000e\000r}{subsection.1.4.1}% 14
\BOOKMARK [2][-]{subsection.1.4.2}{\376\377\0001\000.\0004\000.\0002\000\040\000W\000i\000n\000d\000o\000w\000s\000\040\000I\000n\000s\000t\000a\000l\000l\000a\000t\000i\000o\000n}{section.1.4}% 15
\BOOKMARK [3][-]{subsubsection.1.4.2.1}{\376\377\0001\000.\0004\000.\0002\000.\0001\000\040\000S\000t\000e\000p\000\040\0001\000:\000\040\000D\000o\000w\000n\000l\000o\000a\000d\000\040\000P\000y\000t\000h\000o\000n}{subsection.1.4.2}% 16
\BOOKMARK [3][-]{subsubsection.1.4.2.2}{\376\377\0001\000.\0004\000.\0002\000.\0002\000\040\000S\000t\000e\000p\000\040\0002\000:\000\040\000I\000n\000s\000t\000a\000l\000l\000\040\000P\000y\000t\000h\000o\000n\000,\000\040\000t\000k\000i\000n\000t\000e\000r\000\040\000a\000n\000d\000\040\000p\000i\000p\000\040\000s\000h\000o\000u\000l\000d\000\040\000b\000e\000\040\000i\000n\000c\000l\000u\000d\000e\000d}{subsection.1.4.2}% 17
\BOOKMARK [3][-]{subsubsection.1.4.2.3}{\376\377\0001\000.\0004\000.\0002\000.\0003\000\040\000S\000t\000e\000p\000\040\0003\000:\000\040\000V\000e\000r\000i\000f\000y\000\040\000P\000y\000t\000h\000o\000n\000\040\000I\000n\000s\000t\000a\000l\000l\000a\000t\000i\000o\000n}{subsection.1.4.2}% 18
\BOOKMARK [3][-]{subsubsection.1.4.2.4}{\376\377\0001\000.\0004\000.\0002\000.\0004\000\040\000S\000t\000e\000p\000\040\0004\000:\000\040\000I\000n\000s\000t\000a\000l\000l\000\040\000r\000e\000q\000u\000i\000r\000e\000d\000\040\000l\000i\000b\000r\000a\000r\000i\000e\000s}{subsection.1.4.2}% 19
\BOOKMARK [2][-]{subsection.1.4.3}{\376\377\0001\000.\0004\000.\0003\000\040\000M\000a\000c\000O\000S\000\040\000i\000n\000s\000t\000a\000l\000l\000a\000t\000i\000o\000n}{section.1.4}% 20
\BOOKMARK [3][-]{subsubsection.1.4.3.1}{\376\377\0001\000.\0004\000.\0003\000.\0001\000\040\000S\000t\000e\000p\000\040\0001\000:\000\040\000D\000o\000w\000n\000l\000o\000a\000d\000\040\000a\000n\000d\000\040\000i\000n\000s\000t\000a\000l\000l\000\040\000p\000y\000t\000h\000o\000n}{subsection.1.4.3}% 21
\BOOKMARK [1][-]{section.1.5}{\376\377\0001\000.\0005\000\040\000R\000u\000n\000n\000i\000n\000g\000\040\000t\000h\000e\000\040\000G\000U\000I}{chapter.1}% 22
\BOOKMARK [2][-]{subsubsection.1.5.0.1}{\376\377\0001\000.\0005\000.\0000\000.\0001\000\040\000L\000i\000n\000u\000x}{section.1.5}% 23
\BOOKMARK [0][-]{chapter.2}{\376\377\0002\000\040\000N\000a\000m\000e\000s\000p\000a\000c\000e\000\040\000I\000n\000d\000e\000x}{}% 24
\BOOKMARK [1][-]{section.2.1}{\376\377\0002\000.\0001\000\040\000P\000a\000c\000k\000a\000g\000e\000\040\000L\000i\000s\000t}{chapter.2}% 25
\BOOKMARK [0][-]{chapter.3}{\376\377\0003\000\040\000H\000i\000e\000r\000a\000r\000c\000h\000i\000c\000a\000l\000\040\000I\000n\000d\000e\000x}{}% 26
\BOOKMARK [1][-]{section.3.1}{\376\377\0003\000.\0001\000\040\000C\000l\000a\000s\000s\000\040\000H\000i\000e\000r\000a\000r\000c\000h\000y}{chapter.3}% 27
\BOOKMARK [0][-]{chapter.4}{\376\377\0004\000\040\000C\000l\000a\000s\000s\000\040\000I\000n\000d\000e\000x}{}% 28
\BOOKMARK [1][-]{section.4.1}{\376\377\0004\000.\0001\000\040\000C\000l\000a\000s\000s\000\040\000L\000i\000s\000t}{chapter.4}% 29
\BOOKMARK [0][-]{chapter.5}{\376\377\0005\000\040\000F\000i\000l\000e\000\040\000I\000n\000d\000e\000x}{}% 30
\BOOKMARK [1][-]{section.5.1}{\376\377\0005\000.\0001\000\040\000F\000i\000l\000e\000\040\000L\000i\000s\000t}{chapter.5}% 31
\BOOKMARK [0][-]{chapter.6}{\376\377\0006\000\040\000N\000a\000m\000e\000s\000p\000a\000c\000e\000\040\000D\000o\000c\000u\000m\000e\000n\000t\000a\000t\000i\000o\000n}{}% 32
\BOOKMARK [1][-]{section.6.1}{\376\377\0006\000.\0001\000\040\000a\000p\000p\000\040\000N\000a\000m\000e\000s\000p\000a\000c\000e\000\040\000R\000e\000f\000e\000r\000e\000n\000c\000e}{chapter.6}% 33
\BOOKMARK [2][-]{subsection.6.1.1}{\376\377\0006\000.\0001\000.\0001\000\040\000D\000e\000t\000a\000i\000l\000e\000d\000\040\000D\000e\000s\000c\000r\000i\000p\000t\000i\000o\000n}{section.6.1}% 34
\BOOKMARK [1][-]{section.6.2}{\376\377\0006\000.\0002\000\040\000a\000s\000s\000e\000t\000s\000\040\000N\000a\000m\000e\000s\000p\000a\000c\000e\000\040\000R\000e\000f\000e\000r\000e\000n\000c\000e}{chapter.6}% 35
\BOOKMARK [2][-]{subsection.6.2.1}{\376\377\0006\000.\0002\000.\0001\000\040\000D\000e\000t\000a\000i\000l\000e\000d\000\040\000D\000e\000s\000c\000r\000i\000p\000t\000i\000o\000n}{section.6.2}% 36
\BOOKMARK [2][-]{subsection.6.2.2}{\376\377\0006\000.\0002\000.\0002\000\040\000F\000u\000n\000c\000t\000i\000o\000n\000\040\000D\000o\000c\000u\000m\000e\000n\000t\000a\000t\000i\000o\000n}{section.6.2}% 37
\BOOKMARK [3][-]{subsubsection.6.2.2.1}{\376\377\0006\000.\0002\000.\0002\000.\0001\000\040\000l\000o\000a\000d\000\137\000i\000m\000a\000g\000e\000\050\000\051}{subsection.6.2.2}% 38
\BOOKMARK [2][-]{subsection.6.2.3}{\376\377\0006\000.\0002\000.\0003\000\040\000V\000a\000r\000i\000a\000b\000l\000e\000\040\000D\000o\000c\000u\000m\000e\000n\000t\000a\000t\000i\000o\000n}{section.6.2}% 39
\BOOKMARK [3][-]{subsubsection.6.2.3.1}{\376\377\0006\000.\0002\000.\0003\000.\0001\000\040\000B\000A\000S\000E\000\137\000D\000I\000R}{subsection.6.2.3}% 40
\BOOKMARK [3][-]{subsubsection.6.2.3.2}{\376\377\0006\000.\0002\000.\0003\000.\0002\000\040\000I\000M\000A\000G\000E\000\137\000D\000I\000R}{subsection.6.2.3}% 41
\BOOKMARK [1][-]{section.6.3}{\376\377\0006\000.\0003\000\040\000c\000o\000n\000f\000i\000g\000\137\000m\000a\000n\000a\000g\000e\000r\000\040\000N\000a\000m\000e\000s\000p\000a\000c\000e\000\040\000R\000e\000f\000e\000r\000e\000n\000c\000e}{chapter.6}% 42
\BOOKMARK [2][-]{subsection.6.3.1}{\376\377\0006\000.\0003\000.\0001\000\040\000D\000e\000t\000a\000i\000l\000e\000d\000\040\000D\000e\000s\000c\000r\000i\000p\000t\000i\000o\000n}{section.6.3}% 43
\BOOKMARK [2][-]{subsection.6.3.2}{\376\377\0006\000.\0003\000.\0002\000\040\000F\000u\000n\000c\000t\000i\000o\000n\000\040\000D\000o\000c\000u\000m\000e\000n\000t\000a\000t\000i\000o\000n}{section.6.3}% 44
\BOOKMARK [3][-]{subsubsection.6.3.2.1}{\376\377\0006\000.\0003\000.\0002\000.\0001\000\040\000g\000e\000t\000\137\000c\000o\000n\000f\000i\000g\000\137\000d\000i\000r\000\050\000\051}{subsection.6.3.2}% 45
\BOOKMARK [3][-]{subsubsection.6.3.2.2}{\376\377\0006\000.\0003\000.\0002\000.\0002\000\040\000l\000o\000a\000d\000\137\000r\000e\000c\000e\000n\000t\000\137\000p\000r\000o\000j\000e\000c\000t\000s\000\050\000\051}{subsection.6.3.2}% 46
\BOOKMARK [3][-]{subsubsection.6.3.2.3}{\376\377\0006\000.\0003\000.\0002\000.\0003\000\040\000s\000a\000v\000e\000\137\000r\000e\000c\000e\000n\000t\000\137\000p\000r\000o\000j\000e\000c\000t\000\050\000\051}{subsection.6.3.2}% 47
\BOOKMARK [3][-]{subsubsection.6.3.2.4}{\376\377\0006\000.\0003\000.\0002\000.\0004\000\040\000l\000o\000a\000d\000\137\000c\000o\000n\000f\000i\000g\000s\000\050\000\051}{subsection.6.3.2}% 48
\BOOKMARK [3][-]{subsubsection.6.3.2.5}{\376\377\0006\000.\0003\000.\0002\000.\0005\000\040\000s\000a\000v\000e\000\137\000c\000o\000n\000f\000i\000g\000s\000\050\000\051}{subsection.6.3.2}% 49
\BOOKMARK [2][-]{subsection.6.3.3}{\376\377\0006\000.\0003\000.\0003\000\040\000V\000a\000r\000i\000a\000b\000l\000e\000\040\000D\000o\000c\000u\000m\000e\000n\000t\000a\000t\000i\000o\000n}{section.6.3}% 50
\BOOKMARK [3][-]{subsubsection.6.3.3.1}{\376\377\0006\000.\0003\000.\0003\000.\0001\000\040\000A\000P\000P\000\137\000N\000A\000M\000E}{subsection.6.3.3}% 51
\BOOKMARK [3][-]{subsubsection.6.3.3.2}{\376\377\0006\000.\0003\000.\0003\000.\0002\000\040\000C\000O\000N\000F\000I\000G\000\137\000D\000I\000R}{subsection.6.3.3}% 52
\BOOKMARK [3][-]{subsubsection.6.3.3.3}{\376\377\0006\000.\0003\000.\0003\000.\0003\000\040\000R\000E\000C\000E\000N\000T\000\137\000P\000R\000O\000J\000E\000C\000T\000S\000\137\000F\000I\000L\000E}{subsection.6.3.3}% 53
\BOOKMARK [1][-]{section.6.4}{\376\377\0006\000.\0004\000\040\000d\000o\000c\000k\000e\000r\000\137\000o\000p\000s\000\040\000N\000a\000m\000e\000s\000p\000a\000c\000e\000\040\000R\000e\000f\000e\000r\000e\000n\000c\000e}{chapter.6}% 54
\BOOKMARK [2][-]{subsection.6.4.1}{\376\377\0006\000.\0004\000.\0001\000\040\000D\000e\000t\000a\000i\000l\000e\000d\000\040\000D\000e\000s\000c\000r\000i\000p\000t\000i\000o\000n}{section.6.4}% 55
\BOOKMARK [2][-]{subsection.6.4.2}{\376\377\0006\000.\0004\000.\0002\000\040\000F\000u\000n\000c\000t\000i\000o\000n\000\040\000D\000o\000c\000u\000m\000e\000n\000t\000a\000t\000i\000o\000n}{section.6.4}% 56
\BOOKMARK [3][-]{subsubsection.6.4.2.1}{\376\377\0006\000.\0004\000.\0002\000.\0001\000\040\000g\000e\000t\000\137\000c\000o\000n\000t\000a\000i\000n\000e\000r\000\050\000\051}{subsection.6.4.2}% 57
\BOOKMARK [3][-]{subsubsection.6.4.2.2}{\376\377\0006\000.\0004\000.\0002\000.\0002\000\040\000g\000e\000t\000\137\000p\000r\000o\000j\000e\000c\000t\000\137\000c\000o\000n\000t\000a\000i\000n\000e\000r\000s\000\050\000\051}{subsection.6.4.2}% 58
\BOOKMARK [3][-]{subsubsection.6.4.2.3}{\376\377\0006\000.\0004\000.\0002\000.\0003\000\040\000g\000e\000t\000\137\000c\000o\000n\000t\000a\000i\000n\000e\000r\000\137\000i\000n\000t\000e\000r\000f\000a\000c\000e\000s\000\050\000\051}{subsection.6.4.2}% 59
\BOOKMARK [3][-]{subsubsection.6.4.2.4}{\376\377\0006\000.\0004\000.\0002\000.\0004\000\040\000s\000t\000a\000r\000t\000\137\000c\000o\000n\000t\000a\000i\000n\000e\000r\000\137\000b\000y\000\137\000i\000d\000\050\000\051}{subsection.6.4.2}% 60
\BOOKMARK [3][-]{subsubsection.6.4.2.5}{\376\377\0006\000.\0004\000.\0002\000.\0005\000\040\000s\000t\000o\000p\000\137\000c\000o\000n\000t\000a\000i\000n\000e\000r\000\137\000b\000y\000\137\000i\000d\000\050\000\051}{subsection.6.4.2}% 61
\BOOKMARK [3][-]{subsubsection.6.4.2.6}{\376\377\0006\000.\0004\000.\0002\000.\0006\000\040\000r\000e\000s\000t\000a\000r\000t\000\137\000c\000o\000n\000t\000a\000i\000n\000e\000r\000\137\000b\000y\000\137\000i\000d\000\050\000\051}{subsection.6.4.2}% 62
\BOOKMARK [3][-]{subsubsection.6.4.2.7}{\376\377\0006\000.\0004\000.\0002\000.\0007\000\040\000a\000p\000p\000l\000y\000\137\000t\000c\000\137\000r\000u\000l\000e\000s\000\050\000\051}{subsection.6.4.2}% 63
\BOOKMARK [3][-]{subsubsection.6.4.2.8}{\376\377\0006\000.\0004\000.\0002\000.\0008\000\040\000r\000u\000n\000\137\000c\000o\000n\000t\000a\000i\000n\000e\000r\000\137\000p\000i\000n\000g\000\050\000\051}{subsection.6.4.2}% 64
\BOOKMARK [1][-]{section.6.5}{\376\377\0006\000.\0005\000\040\000l\000o\000c\000k\000\137\000m\000a\000n\000a\000g\000e\000r\000\040\000N\000a\000m\000e\000s\000p\000a\000c\000e\000\040\000R\000e\000f\000e\000r\000e\000n\000c\000e}{chapter.6}% 65
\BOOKMARK [2][-]{subsection.6.5.1}{\376\377\0006\000.\0005\000.\0001\000\040\000D\000e\000t\000a\000i\000l\000e\000d\000\040\000D\000e\000s\000c\000r\000i\000p\000t\000i\000o\000n}{section.6.5}% 66
\BOOKMARK [1][-]{section.6.6}{\376\377\0006\000.\0006\000\040\000m\000a\000i\000n\000\040\000N\000a\000m\000e\000s\000p\000a\000c\000e\000\040\000R\000e\000f\000e\000r\000e\000n\000c\000e}{chapter.6}% 67
\BOOKMARK [2][-]{subsection.6.6.1}{\376\377\0006\000.\0006\000.\0001\000\040\000D\000e\000t\000a\000i\000l\000e\000d\000\040\000D\000e\000s\000c\000r\000i\000p\000t\000i\000o\000n}{section.6.6}% 68
\BOOKMARK [2][-]{subsection.6.6.2}{\376\377\0006\000.\0006\000.\0002\000\040\000V\000a\000r\000i\000a\000b\000l\000e\000\040\000D\000o\000c\000u\000m\000e\000n\000t\000a\000t\000i\000o\000n}{section.6.6}% 69
\BOOKMARK [3][-]{subsubsection.6.6.2.1}{\376\377\0006\000.\0006\000.\0002\000.\0001\000\040\000r\000o\000o\000t}{subsection.6.6.2}% 70
\BOOKMARK [3][-]{subsubsection.6.6.2.2}{\376\377\0006\000.\0006\000.\0002\000.\0002\000\040\000a\000p\000p}{subsection.6.6.2}% 71
\BOOKMARK [3][-]{subsubsection.6.6.2.3}{\376\377\0006\000.\0006\000.\0002\000.\0003\000\040\000f\000i\000l\000e}{subsection.6.6.2}% 72
\BOOKMARK [1][-]{section.6.7}{\376\377\0006\000.\0007\000\040\000m\000a\000i\000n\000\137\000w\000i\000n\000d\000o\000w\000\040\000N\000a\000m\000e\000s\000p\000a\000c\000e\000\040\000R\000e\000f\000e\000r\000e\000n\000c\000e}{chapter.6}% 73
\BOOKMARK [2][-]{subsection.6.7.1}{\376\377\0006\000.\0007\000.\0001\000\040\000D\000e\000t\000a\000i\000l\000e\000d\000\040\000D\000e\000s\000c\000r\000i\000p\000t\000i\000o\000n}{section.6.7}% 74
\BOOKMARK [1][-]{section.6.8}{\376\377\0006\000.\0008\000\040\000n\000o\000d\000e\000\137\000w\000i\000n\000d\000o\000w\000\040\000N\000a\000m\000e\000s\000p\000a\000c\000e\000\040\000R\000e\000f\000e\000r\000e\000n\000c\000e}{chapter.6}% 75
\BOOKMARK [2][-]{subsection.6.8.1}{\376\377\0006\000.\0008\000.\0001\000\040\000D\000e\000t\000a\000i\000l\000e\000d\000\040\000D\000e\000s\000c\000r\000i\000p\000t\000i\000o\000n}{section.6.8}% 76
\BOOKMARK [1][-]{section.6.9}{\376\377\0006\000.\0009\000\040\000s\000t\000a\000r\000t\000u\000p\000\137\000w\000i\000n\000d\000o\000w\000\040\000N\000a\000m\000e\000s\000p\000a\000c\000e\000\040\000R\000e\000f\000e\000r\000e\000n\000c\000e}{chapter.6}% 77
\BOOKMARK [2][-]{subsection.6.9.1}{\376\377\0006\000.\0009\000.\0001\000\040\000D\000e\000t\000a\000i\000l\000e\000d\000\040\000D\000e\000s\000c\000r\000i\000p\000t\000i\000o\000n}{section.6.9}% 78
\BOOKMARK [2][-]{subsection.6.9.2}{\376\377\0006\000.\0009\000.\0002\000\040\000F\000u\000n\000c\000t\000i\000o\000n\000\040\000D\000o\000c\000u\000m\000e\000n\000t\000a\000t\000i\000o\000n}{section.6.9}% 79
\BOOKMARK [3][-]{subsubsection.6.9.2.1}{\376\377\0006\000.\0009\000.\0002\000.\0001\000\040\000c\000h\000o\000o\000s\000e\000\137\000p\000r\000o\000j\000e\000c\000t\000\137\000p\000o\000p\000u\000p\000\050\000\051}{subsection.6.9.2}% 80
\BOOKMARK [1][-]{section.6.10}{\376\377\0006\000.\0001\0000\000\040\000s\000y\000s\000t\000e\000m\000\137\000o\000p\000s\000\040\000N\000a\000m\000e\000s\000p\000a\000c\000e\000\040\000R\000e\000f\000e\000r\000e\000n\000c\000e}{chapter.6}% 81
\BOOKMARK [2][-]{subsection.6.10.1}{\376\377\0006\000.\0001\0000\000.\0001\000\040\000D\000e\000t\000a\000i\000l\000e\000d\000\040\000D\000e\000s\000c\000r\000i\000p\000t\000i\000o\000n}{section.6.10}% 82
\BOOKMARK [2][-]{subsection.6.10.2}{\376\377\0006\000.\0001\0000\000.\0002\000\040\000F\000u\000n\000c\000t\000i\000o\000n\000\040\000D\000o\000c\000u\000m\000e\000n\000t\000a\000t\000i\000o\000n}{section.6.10}% 83
\BOOKMARK [3][-]{subsubsection.6.10.2.1}{\376\377\0006\000.\0001\0000\000.\0002\000.\0001\000\040\000e\000x\000e\000c\000\137\000c\000o\000m\000p\000o\000s\000e\000\050\000\051}{subsection.6.10.2}% 84
\BOOKMARK [3][-]{subsubsection.6.10.2.2}{\376\377\0006\000.\0001\0000\000.\0002\000.\0002\000\040\000o\000p\000e\000n\000\137\000t\000e\000r\000m\000i\000n\000a\000l\000\050\000\051}{subsection.6.10.2}% 85
\BOOKMARK [0][-]{chapter.7}{\376\377\0007\000\040\000C\000l\000a\000s\000s\000\040\000D\000o\000c\000u\000m\000e\000n\000t\000a\000t\000i\000o\000n}{}% 86
\BOOKMARK [1][-]{section.7.1}{\376\377\0007\000.\0001\000\040\000C\000o\000m\000p\000o\000s\000e\000N\000o\000t\000F\000o\000u\000n\000d\000E\000r\000r\000o\000r\000\040\000C\000l\000a\000s\000s\000\040\000R\000e\000f\000e\000r\000e\000n\000c\000e}{chapter.7}% 87
\BOOKMARK [1][-]{section.7.2}{\376\377\0007\000.\0002\000\040\000D\000o\000c\000k\000e\000r\000C\000o\000m\000p\000o\000s\000e\000E\000r\000r\000o\000r\000\040\000C\000l\000a\000s\000s\000\040\000R\000e\000f\000e\000r\000e\000n\000c\000e}{chapter.7}% 88
\BOOKMARK [1][-]{section.7.3}{\376\377\0007\000.\0003\000\040\000D\000T\000G\000A\000p\000p\000\040\000C\000l\000a\000s\000s\000\040\000R\000e\000f\000e\000r\000e\000n\000c\000e}{chapter.7}% 89
\BOOKMARK [2][-]{subsection.7.3.1}{\376\377\0007\000.\0003\000.\0001\000\040\000D\000e\000t\000a\000i\000l\000e\000d\000\040\000D\000e\000s\000c\000r\000i\000p\000t\000i\000o\000n}{section.7.3}% 90
\BOOKMARK [2][-]{subsection.7.3.2}{\376\377\0007\000.\0003\000.\0002\000\040\000C\000o\000n\000s\000t\000r\000u\000c\000t\000o\000r\000\040\000\046\000\040\000D\000e\000s\000t\000r\000u\000c\000t\000o\000r\000\040\000D\000o\000c\000u\000m\000e\000n\000t\000a\000t\000i\000o\000n}{section.7.3}% 91
\BOOKMARK [3][-]{subsubsection.7.3.2.1}{\376\377\0007\000.\0003\000.\0002\000.\0001\000\040\000\137\000\137\000i\000n\000i\000t\000\137\000\137\000\050\000\051}{subsection.7.3.2}% 92
\BOOKMARK [2][-]{subsection.7.3.3}{\376\377\0007\000.\0003\000.\0003\000\040\000M\000e\000m\000b\000e\000r\000\040\000F\000u\000n\000c\000t\000i\000o\000n\000\040\000D\000o\000c\000u\000m\000e\000n\000t\000a\000t\000i\000o\000n}{section.7.3}% 93
\BOOKMARK [3][-]{subsubsection.7.3.3.1}{\376\377\0007\000.\0003\000.\0003\000.\0001\000\040\000r\000u\000n\000\050\000\051}{subsection.7.3.3}% 94
\BOOKMARK [3][-]{subsubsection.7.3.3.2}{\376\377\0007\000.\0003\000.\0003\000.\0002\000\040\000\137\000r\000u\000n\000\137\000s\000t\000a\000r\000t\000u\000p\000\050\000\051}{subsection.7.3.3}% 95
\BOOKMARK [3][-]{subsubsection.7.3.3.3}{\376\377\0007\000.\0003\000.\0003\000.\0003\000\040\000o\000p\000e\000n\000\137\000c\000o\000n\000t\000a\000i\000n\000e\000r\000\137\000w\000i\000n\000d\000o\000w\000\050\000\051}{subsection.7.3.3}% 96
\BOOKMARK [3][-]{subsubsection.7.3.3.4}{\376\377\0007\000.\0003\000.\0003\000.\0004\000\040\000s\000h\000o\000w\000\137\000e\000x\000i\000t\000i\000n\000g\000\137\000p\000o\000p\000u\000p\000\050\000\051}{subsection.7.3.3}% 97
\BOOKMARK [3][-]{subsubsection.7.3.3.5}{\376\377\0007\000.\0003\000.\0003\000.\0005\000\040\000o\000n\000\137\000m\000a\000i\000n\000\137\000w\000i\000n\000d\000o\000w\000\137\000c\000l\000o\000s\000e\000\050\000\051}{subsection.7.3.3}% 98
\BOOKMARK [2][-]{subsection.7.3.4}{\376\377\0007\000.\0003\000.\0004\000\040\000M\000e\000m\000b\000e\000r\000\040\000D\000a\000t\000a\000\040\000D\000o\000c\000u\000m\000e\000n\000t\000a\000t\000i\000o\000n}{section.7.3}% 99
\BOOKMARK [3][-]{subsubsection.7.3.4.1}{\376\377\0007\000.\0003\000.\0004\000.\0001\000\040\000r\000o\000o\000t}{subsection.7.3.4}% 100
\BOOKMARK [3][-]{subsubsection.7.3.4.2}{\376\377\0007\000.\0003\000.\0004\000.\0002\000\040\000o\000p\000e\000n\000\137\000w\000i\000n\000d\000o\000w\000s}{subsection.7.3.4}% 101
\BOOKMARK [3][-]{subsubsection.7.3.4.3}{\376\377\0007\000.\0003\000.\0004\000.\0003\000\040\000o\000p\000e\000n\000\137\000t\000e\000r\000m\000i\000n\000a\000l\000s}{subsection.7.3.4}% 102
\BOOKMARK [3][-]{subsubsection.7.3.4.4}{\376\377\0007\000.\0003\000.\0004\000.\0004\000\040\000l\000o\000c\000k\000\137\000m\000a\000n\000a\000g\000e\000r}{subsection.7.3.4}% 103
\BOOKMARK [3][-]{subsubsection.7.3.4.5}{\376\377\0007\000.\0003\000.\0004\000.\0005\000\040\000p\000r\000o\000j\000e\000c\000t\000\137\000n\000a\000m\000e}{subsection.7.3.4}% 104
\BOOKMARK [3][-]{subsubsection.7.3.4.6}{\376\377\0007\000.\0003\000.\0004\000.\0006\000\040\000c\000o\000m\000p\000o\000s\000e\000\137\000f\000i\000l\000e}{subsection.7.3.4}% 105
\BOOKMARK [3][-]{subsubsection.7.3.4.7}{\376\377\0007\000.\0003\000.\0004\000.\0007\000\040\000c\000l\000i\000e\000n\000t}{subsection.7.3.4}% 106
\BOOKMARK [3][-]{subsubsection.7.3.4.8}{\376\377\0007\000.\0003\000.\0004\000.\0008\000\040\000r\000u\000n\000n\000i\000n\000g\000\137\000i\000c\000o\000n}{subsection.7.3.4}% 107
\BOOKMARK [3][-]{subsubsection.7.3.4.9}{\376\377\0007\000.\0003\000.\0004\000.\0009\000\040\000e\000x\000i\000t\000e\000d\000\137\000i\000c\000o\000n}{subsection.7.3.4}% 108
\BOOKMARK [3][-]{subsubsection.7.3.4.10}{\376\377\0007\000.\0003\000.\0004\000.\0001\0000\000\040\000o\000t\000h\000e\000r\000\137\000i\000c\000o\000n}{subsection.7.3.4}% 109
\BOOKMARK [3][-]{subsubsection.7.3.4.11}{\376\377\0007\000.\0003\000.\0004\000.\0001\0001\000\040\000r\000e\000f\000r\000e\000s\000h\000\137\000i\000c\000o\000n}{subsection.7.3.4}% 110
\BOOKMARK [3][-]{subsubsection.7.3.4.12}{\376\377\0007\000.\0003\000.\0004\000.\0001\0002\000\040\000s\000t\000a\000r\000t\000\137\000i\000c\000o\000n}{subsection.7.3.4}% 111
\BOOKMARK [3][-]{subsubsection.7.3.4.13}{\376\377\0007\000.\0003\000.\0004\000.\0001\0003\000\040\000s\000t\000o\000p\000\137\000i\000c\000o\000n}{subsection.7.3.4}% 112
\BOOKMARK [3][-]{subsubsection.7.3.4.14}{\376\377\0007\000.\0003\000.\0004\000.\0001\0004\000\040\000f\000o\000l\000d\000e\000r\000\137\000i\000c\000o\000n}{subsection.7.3.4}% 113
\BOOKMARK [3][-]{subsubsection.7.3.4.15}{\376\377\0007\000.\0003\000.\0004\000.\0001\0005\000\040\000o\000p\000e\000n\000\137\000i\000c\000o\000n}{subsection.7.3.4}% 114
\BOOKMARK [3][-]{subsubsection.7.3.4.16}{\376\377\0007\000.\0003\000.\0004\000.\0001\0006\000\040\000e\000x\000i\000t\000\137\000i\000c\000o\000n}{subsection.7.3.4}% 115
\BOOKMARK [3][-]{subsubsection.7.3.4.17}{\376\377\0007\000.\0003\000.\0004\000.\0001\0007\000\040\000m\000a\000i\000n\000\137\000w\000i\000n\000d\000o\000w}{subsection.7.3.4}% 116
\BOOKMARK [3][-]{subsubsection.7.3.4.18}{\376\377\0007\000.\0003\000.\0004\000.\0001\0008\000\040\000o\000n\000\137\000m\000a\000i\000n\000\137\000w\000i\000n\000d\000o\000w\000\137\000c\000l\000o\000s\000e}{subsection.7.3.4}% 117
\BOOKMARK [1][-]{section.7.4}{\376\377\0007\000.\0004\000\040\000M\000a\000i\000n\000W\000i\000n\000d\000o\000w\000\040\000C\000l\000a\000s\000s\000\040\000R\000e\000f\000e\000r\000e\000n\000c\000e}{chapter.7}% 118
\BOOKMARK [2][-]{subsection.7.4.1}{\376\377\0007\000.\0004\000.\0001\000\040\000D\000e\000t\000a\000i\000l\000e\000d\000\040\000D\000e\000s\000c\000r\000i\000p\000t\000i\000o\000n}{section.7.4}% 119
\BOOKMARK [2][-]{subsection.7.4.2}{\376\377\0007\000.\0004\000.\0002\000\040\000C\000o\000n\000s\000t\000r\000u\000c\000t\000o\000r\000\040\000\046\000\040\000D\000e\000s\000t\000r\000u\000c\000t\000o\000r\000\040\000D\000o\000c\000u\000m\000e\000n\000t\000a\000t\000i\000o\000n}{section.7.4}% 120
\BOOKMARK [3][-]{subsubsection.7.4.2.1}{\376\377\0007\000.\0004\000.\0002\000.\0001\000\040\000\137\000\137\000i\000n\000i\000t\000\137\000\137\000\050\000\051}{subsection.7.4.2}% 121
\BOOKMARK [2][-]{subsection.7.4.3}{\376\377\0007\000.\0004\000.\0003\000\040\000M\000e\000m\000b\000e\000r\000\040\000F\000u\000n\000c\000t\000i\000o\000n\000\040\000D\000o\000c\000u\000m\000e\000n\000t\000a\000t\000i\000o\000n}{section.7.4}% 122
\BOOKMARK [3][-]{subsubsection.7.4.3.1}{\376\377\0007\000.\0004\000.\0003\000.\0001\000\040\000\137\000b\000u\000i\000l\000d\000\137\000m\000a\000i\000n\000\137\000u\000i\000\050\000\051}{subsection.7.4.3}% 123
\BOOKMARK [3][-]{subsubsection.7.4.3.2}{\376\377\0007\000.\0004\000.\0003\000.\0002\000\040\000r\000e\000f\000r\000e\000s\000h\000\137\000c\000o\000n\000t\000a\000i\000n\000e\000r\000s\000\050\000\051}{subsection.7.4.3}% 124
\BOOKMARK [3][-]{subsubsection.7.4.3.3}{\376\377\0007\000.\0004\000.\0003\000.\0003\000\040\000s\000t\000a\000r\000t\000\137\000c\000o\000n\000t\000a\000i\000n\000e\000r\000\050\000\051}{subsection.7.4.3}% 125
\BOOKMARK [3][-]{subsubsection.7.4.3.4}{\376\377\0007\000.\0004\000.\0003\000.\0004\000\040\000s\000t\000o\000p\000\137\000c\000o\000n\000t\000a\000i\000n\000e\000r\000\050\000\051}{subsection.7.4.3}% 126
\BOOKMARK [3][-]{subsubsection.7.4.3.5}{\376\377\0007\000.\0004\000.\0003\000.\0005\000\040\000r\000e\000s\000t\000a\000r\000t\000\137\000c\000o\000n\000t\000a\000i\000n\000e\000r\000\050\000\051}{subsection.7.4.3}% 127
\BOOKMARK [3][-]{subsubsection.7.4.3.6}{\376\377\0007\000.\0004\000.\0003\000.\0006\000\040\000s\000t\000a\000r\000t\000\137\000a\000l\000l\000\137\000c\000o\000n\000t\000a\000i\000n\000e\000r\000s\000\050\000\051}{subsection.7.4.3}% 128
\BOOKMARK [3][-]{subsubsection.7.4.3.7}{\376\377\0007\000.\0004\000.\0003\000.\0007\000\040\000s\000t\000o\000p\000\137\000a\000l\000l\000\137\000c\000o\000n\000t\000a\000i\000n\000e\000r\000s\000\050\000\051}{subsection.7.4.3}% 129
\BOOKMARK [3][-]{subsubsection.7.4.3.8}{\376\377\0007\000.\0004\000.\0003\000.\0008\000\040\000o\000p\000e\000n\000\137\000t\000e\000r\000m\000i\000n\000a\000l\000\050\000\051}{subsection.7.4.3}% 130
\BOOKMARK [3][-]{subsubsection.7.4.3.9}{\376\377\0007\000.\0004\000.\0003\000.\0009\000\040\000s\000h\000o\000w\000\137\000c\000o\000n\000t\000e\000x\000t\000\137\000m\000e\000n\000u\000\050\000\051}{subsection.7.4.3}% 131
\BOOKMARK [3][-]{subsubsection.7.4.3.10}{\376\377\0007\000.\0004\000.\0003\000.\0001\0000\000\040\000c\000l\000o\000s\000e\000\137\000c\000o\000n\000t\000e\000x\000t\000\137\000m\000e\000n\000u\000\050\000\051}{subsection.7.4.3}% 132
\BOOKMARK [3][-]{subsubsection.7.4.3.11}{\376\377\0007\000.\0004\000.\0003\000.\0001\0001\000\040\000s\000e\000t\000\137\000b\000u\000t\000t\000o\000n\000s\000\137\000s\000t\000a\000t\000e\000\050\000\051}{subsection.7.4.3}% 133
\BOOKMARK [3][-]{subsubsection.7.4.3.12}{\376\377\0007\000.\0004\000.\0003\000.\0001\0002\000\040\000r\000e\000s\000e\000t\000\137\000o\000p\000e\000r\000a\000t\000i\000o\000n\000\137\000f\000l\000a\000g\000\050\000\051}{subsection.7.4.3}% 134
\BOOKMARK [3][-]{subsubsection.7.4.3.13}{\376\377\0007\000.\0004\000.\0003\000.\0001\0003\000\040\000o\000n\000\137\000t\000r\000e\000e\000\137\000s\000e\000l\000e\000c\000t\000\050\000\051}{subsection.7.4.3}% 135
\BOOKMARK [2][-]{subsection.7.4.4}{\376\377\0007\000.\0004\000.\0004\000\040\000M\000e\000m\000b\000e\000r\000\040\000D\000a\000t\000a\000\040\000D\000o\000c\000u\000m\000e\000n\000t\000a\000t\000i\000o\000n}{section.7.4}% 136
\BOOKMARK [3][-]{subsubsection.7.4.4.1}{\376\377\0007\000.\0004\000.\0004\000.\0001\000\040\000p\000a\000r\000e\000n\000t}{subsection.7.4.4}% 137
\BOOKMARK [3][-]{subsubsection.7.4.4.2}{\376\377\0007\000.\0004\000.\0004\000.\0002\000\040\000c\000o\000n\000t\000r\000o\000l\000l\000e\000r}{subsection.7.4.4}% 138
\BOOKMARK [3][-]{subsubsection.7.4.4.3}{\376\377\0007\000.\0004\000.\0004\000.\0003\000\040\000t\000r\000e\000e}{subsection.7.4.4}% 139
\BOOKMARK [3][-]{subsubsection.7.4.4.4}{\376\377\0007\000.\0004\000.\0004\000.\0004\000\040\000r\000e\000f\000r\000e\000s\000h\000\137\000b\000t\000n}{subsection.7.4.4}% 140
\BOOKMARK [3][-]{subsubsection.7.4.4.5}{\376\377\0007\000.\0004\000.\0004\000.\0005\000\040\000s\000t\000a\000r\000t\000\137\000b\000u\000t\000t\000o\000n}{subsection.7.4.4}% 141
\BOOKMARK [3][-]{subsubsection.7.4.4.6}{\376\377\0007\000.\0004\000.\0004\000.\0006\000\040\000s\000t\000o\000p\000\137\000b\000u\000t\000t\000o\000n}{subsection.7.4.4}% 142
\BOOKMARK [3][-]{subsubsection.7.4.4.7}{\376\377\0007\000.\0004\000.\0004\000.\0007\000\040\000c\000o\000n\000t\000e\000x\000t\000\137\000m\000e\000n\000u}{subsection.7.4.4}% 143
\BOOKMARK [3][-]{subsubsection.7.4.4.8}{\376\377\0007\000.\0004\000.\0004\000.\0008\000\040\000o\000n\000\137\000t\000r\000e\000e\000\137\000s\000e\000l\000e\000c\000t}{subsection.7.4.4}% 144
\BOOKMARK [3][-]{subsubsection.7.4.4.9}{\376\377\0007\000.\0004\000.\0004\000.\0009\000\040\000s\000h\000o\000w\000\137\000c\000o\000n\000t\000e\000x\000t\000\137\000m\000e\000n\000u}{subsection.7.4.4}% 145
\BOOKMARK [3][-]{subsubsection.7.4.4.10}{\376\377\0007\000.\0004\000.\0004\000.\0001\0000\000\040\000c\000l\000o\000s\000e\000\137\000c\000o\000n\000t\000e\000x\000t\000\137\000m\000e\000n\000u}{subsection.7.4.4}% 146
\BOOKMARK [3][-]{subsubsection.7.4.4.11}{\376\377\0007\000.\0004\000.\0004\000.\0001\0001\000\040\000r\000e\000s\000e\000t\000\137\000o\000p\000e\000r\000a\000t\000i\000o\000n\000\137\000f\000l\000a\000g}{subsection.7.4.4}% 147
\BOOKMARK [3][-]{subsubsection.7.4.4.12}{\376\377\0007\000.\0004\000.\0004\000.\0001\0002\000\040\000r\000e\000f\000r\000e\000s\000h\000\137\000c\000o\000n\000t\000a\000i\000n\000e\000r\000s}{subsection.7.4.4}% 148
\BOOKMARK [1][-]{section.7.5}{\376\377\0007\000.\0005\000\040\000N\000o\000d\000e\000W\000i\000n\000d\000o\000w\000\040\000C\000l\000a\000s\000s\000\040\000R\000e\000f\000e\000r\000e\000n\000c\000e}{chapter.7}% 149
\BOOKMARK [2][-]{subsection.7.5.1}{\376\377\0007\000.\0005\000.\0001\000\040\000D\000e\000t\000a\000i\000l\000e\000d\000\040\000D\000e\000s\000c\000r\000i\000p\000t\000i\000o\000n}{section.7.5}% 150
\BOOKMARK [2][-]{subsection.7.5.2}{\376\377\0007\000.\0005\000.\0002\000\040\000C\000o\000n\000s\000t\000r\000u\000c\000t\000o\000r\000\040\000\046\000\040\000D\000e\000s\000t\000r\000u\000c\000t\000o\000r\000\040\000D\000o\000c\000u\000m\000e\000n\000t\000a\000t\000i\000o\000n}{section.7.5}% 151
\BOOKMARK [3][-]{subsubsection.7.5.2.1}{\376\377\0007\000.\0005\000.\0002\000.\0001\000\040\000\137\000\137\000i\000n\000i\000t\000\137\000\137\000\050\000\051}{subsection.7.5.2}% 152
\BOOKMARK [2][-]{subsection.7.5.3}{\376\377\0007\000.\0005\000.\0003\000\040\000M\000e\000m\000b\000e\000r\000\040\000F\000u\000n\000c\000t\000i\000o\000n\000\040\000D\000o\000c\000u\000m\000e\000n\000t\000a\000t\000i\000o\000n}{section.7.5}% 153
\BOOKMARK [3][-]{subsubsection.7.5.3.1}{\376\377\0007\000.\0005\000.\0003\000.\0001\000\040\000\137\000b\000u\000i\000l\000d\000\137\000u\000i\000\050\000\051}{subsection.7.5.3}% 154
\BOOKMARK [3][-]{subsubsection.7.5.3.2}{\376\377\0007\000.\0005\000.\0003\000.\0002\000\040\000\137\000u\000p\000d\000a\000t\000e\000\137\000s\000p\000i\000n\000b\000o\000x\000e\000s\000\137\000f\000o\000r\000\137\000i\000n\000t\000e\000r\000f\000a\000c\000e\000\050\000\051}{subsection.7.5.3}% 155
\BOOKMARK [3][-]{subsubsection.7.5.3.3}{\376\377\0007\000.\0005\000.\0003\000.\0003\000\040\000\137\000o\000n\000\137\000c\000l\000o\000s\000e\000\050\000\051}{subsection.7.5.3}% 156
\BOOKMARK [3][-]{subsubsection.7.5.3.4}{\376\377\0007\000.\0005\000.\0003\000.\0004\000\040\000\137\000f\000o\000r\000c\000e\000\137\000c\000l\000o\000s\000e\000\050\000\051}{subsection.7.5.3}% 157
\BOOKMARK [3][-]{subsubsection.7.5.3.5}{\376\377\0007\000.\0005\000.\0003\000.\0005\000\040\000\137\000s\000e\000t\000\137\000c\000o\000n\000f\000i\000g\000\137\000d\000i\000r\000t\000y\000\050\000\051}{subsection.7.5.3}% 158
\BOOKMARK [3][-]{subsubsection.7.5.3.6}{\376\377\0007\000.\0005\000.\0003\000.\0006\000\040\000\137\000s\000a\000v\000e\000\137\000c\000o\000n\000f\000i\000g\000s\000\137\000a\000c\000t\000i\000o\000n\000\050\000\051}{subsection.7.5.3}% 159
\BOOKMARK [3][-]{subsubsection.7.5.3.7}{\376\377\0007\000.\0005\000.\0003\000.\0007\000\040\000\137\000t\000o\000g\000g\000l\000e\000\137\000c\000o\000n\000s\000o\000l\000e\000\050\000\051}{subsection.7.5.3}% 160
\BOOKMARK [3][-]{subsubsection.7.5.3.8}{\376\377\0007\000.\0005\000.\0003\000.\0008\000\040\000\137\000c\000l\000e\000a\000r\000\137\000f\000o\000c\000u\000s\000\050\000\051}{subsection.7.5.3}% 161
\BOOKMARK [3][-]{subsubsection.7.5.3.9}{\376\377\0007\000.\0005\000.\0003\000.\0009\000\040\000c\000l\000e\000a\000r\000\137\000c\000o\000n\000s\000o\000l\000e\000\050\000\051}{subsection.7.5.3}% 162
\BOOKMARK [3][-]{subsubsection.7.5.3.10}{\376\377\0007\000.\0005\000.\0003\000.\0001\0000\000\040\000d\000o\000\137\000t\000c\000\050\000\051}{subsection.7.5.3}% 163
\BOOKMARK [3][-]{subsubsection.7.5.3.11}{\376\377\0007\000.\0005\000.\0003\000.\0001\0001\000\040\000d\000o\000\137\000p\000i\000n\000g\000\050\000\051}{subsection.7.5.3}% 164
\BOOKMARK [2][-]{subsection.7.5.4}{\376\377\0007\000.\0005\000.\0004\000\040\000M\000e\000m\000b\000e\000r\000\040\000D\000a\000t\000a\000\040\000D\000o\000c\000u\000m\000e\000n\000t\000a\000t\000i\000o\000n}{section.7.5}% 165
\BOOKMARK [3][-]{subsubsection.7.5.4.1}{\376\377\0007\000.\0005\000.\0004\000.\0001\000\040\000c\000o\000n\000t\000r\000o\000l\000l\000e\000r}{subsection.7.5.4}% 166
\BOOKMARK [3][-]{subsubsection.7.5.4.2}{\376\377\0007\000.\0005\000.\0004\000.\0002\000\040\000c\000o\000n\000t\000a\000i\000n\000e\000r\000\137\000n\000a\000m\000e}{subsection.7.5.4}% 167
\BOOKMARK [3][-]{subsubsection.7.5.4.3}{\376\377\0007\000.\0005\000.\0004\000.\0003\000\040\000c\000o\000n\000f\000i\000g\000\137\000s\000t\000a\000t\000u\000s}{subsection.7.5.4}% 168
\BOOKMARK [3][-]{subsubsection.7.5.4.4}{\376\377\0007\000.\0005\000.\0004\000.\0004\000\040\000c\000u\000r\000r\000e\000n\000t\000\137\000i\000f\000a\000c\000e\000\137\000t\000r\000a\000c\000k\000e\000r}{subsection.7.5.4}% 169
\BOOKMARK [3][-]{subsubsection.7.5.4.5}{\376\377\0007\000.\0005\000.\0004\000.\0005\000\040\000a\000l\000l\000\137\000c\000o\000n\000t\000a\000i\000n\000e\000r\000\137\000c\000o\000n\000f\000i\000g\000s}{subsection.7.5.4}% 170
\BOOKMARK [3][-]{subsubsection.7.5.4.6}{\376\377\0007\000.\0005\000.\0004\000.\0006\000\040\000\137\000c\000l\000e\000a\000r\000\137\000f\000o\000c\000u\000s}{subsection.7.5.4}% 171
\BOOKMARK [3][-]{subsubsection.7.5.4.7}{\376\377\0007\000.\0005\000.\0004\000.\0007\000\040\000\137\000o\000n\000\137\000c\000l\000o\000s\000e}{subsection.7.5.4}% 172
\BOOKMARK [3][-]{subsubsection.7.5.4.8}{\376\377\0007\000.\0005\000.\0004\000.\0008\000\040\000f\000o\000r\000c\000e\000\137\000c\000l\000o\000s\000e}{subsection.7.5.4}% 173
\BOOKMARK [3][-]{subsubsection.7.5.4.9}{\376\377\0007\000.\0005\000.\0004\000.\0009\000\040\000i\000n\000t\000e\000r\000f\000a\000c\000e\000\137\000v\000a\000r}{subsection.7.5.4}% 174
\BOOKMARK [3][-]{subsubsection.7.5.4.10}{\376\377\0007\000.\0005\000.\0004\000.\0001\0000\000\040\000\137\000u\000p\000d\000a\000t\000e\000\137\000s\000p\000i\000n\000b\000o\000x\000e\000s\000\137\000f\000o\000r\000\137\000i\000n\000t\000e\000r\000f\000a\000c\000e}{subsection.7.5.4}% 175
\BOOKMARK [3][-]{subsubsection.7.5.4.11}{\376\377\0007\000.\0005\000.\0004\000.\0001\0001\000\040\000d\000e\000l\000a\000y\000\137\000s\000p\000i\000n\000b\000o\000x}{subsection.7.5.4}% 176
\BOOKMARK [3][-]{subsubsection.7.5.4.12}{\376\377\0007\000.\0005\000.\0004\000.\0001\0002\000\040\000l\000o\000s\000s\000\137\000s\000p\000i\000n\000b\000o\000x}{subsection.7.5.4}% 177
\BOOKMARK [3][-]{subsubsection.7.5.4.13}{\376\377\0007\000.\0005\000.\0004\000.\0001\0003\000\040\000b\000a\000n\000d\000\137\000s\000p\000i\000n\000b\000o\000x}{subsection.7.5.4}% 178
\BOOKMARK [3][-]{subsubsection.7.5.4.14}{\376\377\0007\000.\0005\000.\0004\000.\0001\0004\000\040\000l\000i\000m\000i\000t\000\137\000s\000p\000i\000n\000b\000o\000x}{subsection.7.5.4}% 179
\BOOKMARK [3][-]{subsubsection.7.5.4.15}{\376\377\0007\000.\0005\000.\0004\000.\0001\0005\000\040\000s\000a\000v\000e\000\137\000b\000t\000n}{subsection.7.5.4}% 180
\BOOKMARK [3][-]{subsubsection.7.5.4.16}{\376\377\0007\000.\0005\000.\0004\000.\0001\0006\000\040\000\137\000s\000e\000t\000\137\000c\000o\000n\000f\000i\000g\000\137\000d\000i\000r\000t\000y}{subsection.7.5.4}% 181
\BOOKMARK [3][-]{subsubsection.7.5.4.17}{\376\377\0007\000.\0005\000.\0004\000.\0001\0007\000\040\000i\000p\000a\000d\000d\000r\000\137\000e\000n\000t\000r\000y}{subsection.7.5.4}% 182
\BOOKMARK [3][-]{subsubsection.7.5.4.18}{\376\377\0007\000.\0005\000.\0004\000.\0001\0008\000\040\000p\000i\000n\000g\000\137\000b\000t\000n}{subsection.7.5.4}% 183
\BOOKMARK [3][-]{subsubsection.7.5.4.19}{\376\377\0007\000.\0005\000.\0004\000.\0001\0009\000\040\000t\000o\000g\000g\000l\000e\000\137\000b\000t\000n}{subsection.7.5.4}% 184
\BOOKMARK [3][-]{subsubsection.7.5.4.20}{\376\377\0007\000.\0005\000.\0004\000.\0002\0000\000\040\000c\000o\000n\000s\000o\000l\000e\000\137\000f\000r\000a\000m\000e}{subsection.7.5.4}% 185
\BOOKMARK [3][-]{subsubsection.7.5.4.21}{\376\377\0007\000.\0005\000.\0004\000.\0002\0001\000\040\000o\000u\000t\000p\000u\000t\000\137\000b\000o\000x}{subsection.7.5.4}% 186
\BOOKMARK [3][-]{subsubsection.7.5.4.22}{\376\377\0007\000.\0005\000.\0004\000.\0002\0002\000\040\000s\000h\000o\000w\000\137\000c\000o\000n\000s\000o\000l\000e}{subsection.7.5.4}% 187
\BOOKMARK [1][-]{section.7.6}{\376\377\0007\000.\0006\000\040\000O\000p\000e\000r\000a\000t\000i\000o\000n\000L\000o\000c\000k\000\040\000C\000l\000a\000s\000s\000\040\000R\000e\000f\000e\000r\000e\000n\000c\000e}{chapter.7}% 188
\BOOKMARK [2][-]{subsection.7.6.1}{\376\377\0007\000.\0006\000.\0001\000\040\000D\000e\000t\000a\000i\000l\000e\000d\000\040\000D\000e\000s\000c\000r\000i\000p\000t\000i\000o\000n}{section.7.6}% 189
\BOOKMARK [2][-]{subsection.7.6.2}{\376\377\0007\000.\0006\000.\0002\000\040\000C\000o\000n\000s\000t\000r\000u\000c\000t\000o\000r\000\040\000\046\000\040\000D\000e\000s\000t\000r\000u\000c\000t\000o\000r\000\040\000D\000o\000c\000u\000m\000e\000n\000t\000a\000t\000i\000o\000n}{section.7.6}% 190
\BOOKMARK [3][-]{subsubsection.7.6.2.1}{\376\377\0007\000.\0006\000.\0002\000.\0001\000\040\000\137\000\137\000i\000n\000i\000t\000\137\000\137\000\050\000\051}{subsection.7.6.2}% 191
\BOOKMARK [2][-]{subsection.7.6.3}{\376\377\0007\000.\0006\000.\0003\000\040\000M\000e\000m\000b\000e\000r\000\040\000F\000u\000n\000c\000t\000i\000o\000n\000\040\000D\000o\000c\000u\000m\000e\000n\000t\000a\000t\000i\000o\000n}{section.7.6}% 192
\BOOKMARK [3][-]{subsubsection.7.6.3.1}{\376\377\0007\000.\0006\000.\0003\000.\0001\000\040\000l\000o\000c\000k\000\050\000\051}{subsection.7.6.3}% 193
\BOOKMARK [3][-]{subsubsection.7.6.3.2}{\376\377\0007\000.\0006\000.\0003\000.\0002\000\040\000u\000n\000l\000o\000c\000k\000\050\000\051}{subsection.7.6.3}% 194
\BOOKMARK [3][-]{subsubsection.7.6.3.3}{\376\377\0007\000.\0006\000.\0003\000.\0003\000\040\000i\000s\000\137\000l\000o\000c\000k\000e\000d\000\050\000\051}{subsection.7.6.3}% 195
\BOOKMARK [3][-]{subsubsection.7.6.3.4}{\376\377\0007\000.\0006\000.\0003\000.\0004\000\040\000h\000a\000s\000\137\000a\000c\000t\000i\000v\000e\000\137\000l\000o\000c\000k\000s\000\050\000\051}{subsection.7.6.3}% 196
\BOOKMARK [2][-]{subsection.7.6.4}{\376\377\0007\000.\0006\000.\0004\000\040\000M\000e\000m\000b\000e\000r\000\040\000D\000a\000t\000a\000\040\000D\000o\000c\000u\000m\000e\000n\000t\000a\000t\000i\000o\000n}{section.7.6}% 197
\BOOKMARK [3][-]{subsubsection.7.6.4.1}{\376\377\0007\000.\0006\000.\0004\000.\0001\000\040\000\137\000l\000o\000c\000k\000s}{subsection.7.6.4}% 198
\BOOKMARK [1][-]{section.7.7}{\376\377\0007\000.\0007\000\040\000T\000e\000r\000m\000i\000n\000a\000l\000E\000r\000r\000o\000r\000\040\000C\000l\000a\000s\000s\000\040\000R\000e\000f\000e\000r\000e\000n\000c\000e}{chapter.7}% 199
\BOOKMARK [0][-]{chapter.8}{\376\377\0008\000\040\000F\000i\000l\000e\000\040\000D\000o\000c\000u\000m\000e\000n\000t\000a\000t\000i\000o\000n}{}% 200
\BOOKMARK [1][-]{section.8.1}{\376\377\0008\000.\0001\000\040\000a\000p\000p\000.\000p\000y\000\040\000F\000i\000l\000e\000\040\000R\000e\000f\000e\000r\000e\000n\000c\000e}{chapter.8}% 201
\BOOKMARK [1][-]{section.8.2}{\376\377\0008\000.\0002\000\040\000c\000o\000r\000e\000/\000c\000o\000n\000f\000i\000g\000\137\000m\000a\000n\000a\000g\000e\000r\000.\000p\000y\000\040\000F\000i\000l\000e\000\040\000R\000e\000f\000e\000r\000e\000n\000c\000e}{chapter.8}% 202
\BOOKMARK [1][-]{section.8.3}{\376\377\0008\000.\0003\000\040\000c\000o\000r\000e\000/\000d\000o\000c\000k\000e\000r\000\137\000o\000p\000s\000.\000p\000y\000\040\000F\000i\000l\000e\000\040\000R\000e\000f\000e\000r\000e\000n\000c\000e}{chapter.8}% 203
\BOOKMARK [1][-]{section.8.4}{\376\377\0008\000.\0004\000\040\000c\000o\000r\000e\000/\000s\000y\000s\000t\000e\000m\000\137\000o\000p\000s\000.\000p\000y\000\040\000F\000i\000l\000e\000\040\000R\000e\000f\000e\000r\000e\000n\000c\000e}{chapter.8}% 204
\BOOKMARK [1][-]{section.8.5}{\376\377\0008\000.\0005\000\040\000D\000o\000x\000y\000f\000i\000l\000e\000.\000t\000x\000t\000\040\000F\000i\000l\000e\000\040\000R\000e\000f\000e\000r\000e\000n\000c\000e}{chapter.8}% 205
\BOOKMARK [1][-]{section.8.6}{\376\377\0008\000.\0006\000\040\000g\000u\000i\000/\000a\000s\000s\000e\000t\000s\000.\000p\000y\000\040\000F\000i\000l\000e\000\040\000R\000e\000f\000e\000r\000e\000n\000c\000e}{chapter.8}% 206
\BOOKMARK [1][-]{section.8.7}{\376\377\0008\000.\0007\000\040\000g\000u\000i\000/\000m\000a\000i\000n\000\137\000w\000i\000n\000d\000o\000w\000.\000p\000y\000\040\000F\000i\000l\000e\000\040\000R\000e\000f\000e\000r\000e\000n\000c\000e}{chapter.8}% 207
\BOOKMARK [1][-]{section.8.8}{\376\377\0008\000.\0008\000\040\000g\000u\000i\000/\000n\000o\000d\000e\000\137\000w\000i\000n\000d\000o\000w\000.\000p\000y\000\040\000F\000i\000l\000e\000\040\000R\000e\000f\000e\000r\000e\000n\000c\000e}{chapter.8}% 208
\BOOKMARK [1][-]{section.8.9}{\376\377\0008\000.\0009\000\040\000g\000u\000i\000/\000s\000t\000a\000r\000t\000u\000p\000\137\000w\000i\000n\000d\000o\000w\000.\000p\000y\000\040\000F\000i\000l\000e\000\040\000R\000e\000f\000e\000r\000e\000n\000c\000e}{chapter.8}% 209
\BOOKMARK [1][-]{section.8.10}{\376\377\0008\000.\0001\0000\000\040\000m\000a\000i\000n\000.\000p\000y\000\040\000F\000i\000l\000e\000\040\000R\000e\000f\000e\000r\000e\000n\000c\000e}{chapter.8}% 210
\BOOKMARK [1][-]{section.8.11}{\376\377\0008\000.\0001\0001\000\040\000R\000E\000A\000D\000M\000E\000.\000m\000d\000\040\000F\000i\000l\000e\000\040\000R\000e\000f\000e\000r\000e\000n\000c\000e}{chapter.8}% 211
\BOOKMARK [1][-]{section.8.12}{\376\377\0008\000.\0001\0002\000\040\000r\000e\000q\000u\000i\000r\000e\000m\000e\000n\000t\000s\000.\000t\000x\000t\000\040\000F\000i\000l\000e\000\040\000R\000e\000f\000e\000r\000e\000n\000c\000e}{chapter.8}% 212
\BOOKMARK [1][-]{section.8.13}{\376\377\0008\000.\0001\0003\000\040\000u\000t\000i\000l\000s\000/\000l\000o\000c\000k\000\137\000m\000a\000n\000a\000g\000e\000r\000.\000p\000y\000\040\000F\000i\000l\000e\000\040\000R\000e\000f\000e\000r\000e\000n\000c\000e}{chapter.8}% 213
